Initialized logger:                   [OK]
File logger:                         [ENABLED]
String logger:                       [ENABLED]
init() user: muddeveloper
Authors tickets:
 +----------------------------------+
 |            BlazeMUD              |
 |       Find your destiny...       |
 |                                  |
 |      on MARINESMUD Codebase      |
 +----------------------------------+
 |    By:                           |
 |      +JBLEW (www.jblew.pl)       |
 |      +PROGTRYK                   |
 +----------------------------------+

 +----------------------------------+
 |     MARINESMUD4 Server  v4.1.22   |
 +----------------------------------+
 | Code, database and website by:   |
 |        +JBLEW (www.jblew.pl)     |
 | Idea and project by              |
 |        +PROGTRYK                 |
 +----------------------------------+

Credits:
   Program uses DynamicCompiler created by David J. Biesack (David.Biesack@sas.com).

Command line arguments: production-mode
start() user: muddeveloper

PRODUCTION mode should be run, when server is checked and is known to work stable.
 In this mode notifications are on, and flash policy allows on remote host.
New instance of IDGenerator (counting from 0).
Flash policy: '<?xml version="1.0"?>
<!DOCTYPE cross-domain-policy SYSTEM "/xml/dtds/cross-domain-policy.dtd">

<!-- Policy file for xmlsocket://socks.example.com -->
<cross-domain-policy> 

   <!-- This is a master socket policy file -->
   <!-- No other socket policies on the host will be permitted -->
   <site-control permitted-cross-domain-policies="master-only"/>

   <!-- Instead of setting to-ports="*", administrator's can use ranges and commas -->
   <allow-access-from domain="46.4.143.23" to-ports="9000" />

</cross-domain-policy>
'
Initialized logger:                   [OK]
File logger:                         [ENABLED]
String logger:                       [ENABLED]
init() user: muddeveloper
Authors tickets:
 +----------------------------------+
 |            BlazeMUD              |
 |       Find your destiny...       |
 |                                  |
 |      on MARINESMUD Codebase      |
 +----------------------------------+
 |    By:                           |
 |      +JBLEW (www.jblew.pl)       |
 |      +PROGTRYK                   |
 +----------------------------------+

 +----------------------------------+
 |     MARINESMUD4 Server  v4.1.22   |
 +----------------------------------+
 | Code, database and website by:   |
 |        +JBLEW (www.jblew.pl)     |
 | Idea and project by              |
 |        +PROGTRYK                 |
 +----------------------------------+

Credits:
   Program uses DynamicCompiler created by David J. Biesack (David.Biesack@sas.com).

Command line arguments: production-mode
start() user: muddeveloper

PRODUCTION mode should be run, when server is checked and is known to work stable.
 In this mode notifications are on, and flash policy allows on remote host.
New instance of IDGenerator (counting from 0).
Flash policy: '<?xml version="1.0"?>
<!DOCTYPE cross-domain-policy SYSTEM "/xml/dtds/cross-domain-policy.dtd">

<!-- Policy file for xmlsocket://socks.example.com -->
<cross-domain-policy> 

   <!-- This is a master socket policy file -->
   <!-- No other socket policies on the host will be permitted -->
   <site-control permitted-cross-domain-policies="master-only"/>

   <!-- Instead of setting to-ports="*", administrator's can use ranges and commas -->
   <allow-access-from domain="46.4.143.23" to-ports="9000" />

</cross-domain-policy>
'
Type quit to stop server, Type hep to get list of commands.
MUD TIME: era=Testowa; absoluteYear=218; yearOfEra=137; month=9(miesiąc śnieżnych zawiei); day=26; dayOfWeek=3 (czwartek); hour=20; min=17; sec=46; msec=260; partOfDay=evening; yearPointer=110%.
 sunPosition=-1.0; dayStartHour = 7.0139034246419705; dayEndHour = 16.98609657535803; dayLength = 9.972193150716059; REAL TIME: 2011/9/14 12:21:25
Session uid: 494546681620%ngN@HasaZSebdT9A%dV
Type quit to stop server!


